============================= test session starts =============================
platform win32 -- Python 3.11.0, pytest-9.0.2, pluggy-1.6.0 -- C:\Users\abdoulaye.ousmane\AppData\Local\Programs\Python\Python311\python.exe
cachedir: .pytest_cache
rootdir: C:\Users\abdoulaye.ousmane\decision-memory-v1
configfile: pyproject.toml
testpaths: tests
plugins: anyio-4.12.1, cov-7.0.0
collecting ... collected 948 items

tests/analysis_summary/test_engine_contracts_ast.py::test_engine_does_not_import_pipeline_execution_functions PASSED [  0%]
tests/analysis_summary/test_engine_contracts_ast.py::test_engine_has_no_stc_reference PASSED [  0%]
tests/analysis_summary/test_engine_contracts_ast.py::test_engine_does_not_import_export_or_renderer_namespaces PASSED [  0%]
tests/analysis_summary/test_engine_generation.py::test_generate_summary_produces_summary_document_v1 PASSED [  0%]
tests/analysis_summary/test_engine_generation.py::test_generate_summary_has_required_sections PASSED [  0%]
tests/analysis_summary/test_engine_generation.py::test_generate_summary_has_no_stc_fields PASSED [  0%]
tests/analysis_summary/test_engine_generation.py::test_summary_section_rejects_winner_in_content PASSED [  0%]
tests/analysis_summary/test_engine_generation.py::test_summary_section_rejects_rank_in_content PASSED [  0%]
tests/analysis_summary/test_engine_generation.py::test_summary_section_rejects_best_offer_in_content PASSED [  0%]
tests/analysis_summary/test_engine_generation.py::test_summary_section_rejects_nested_forbidden_fields_in_content PASSED [  1%]
tests/analysis_summary/test_engine_generation.py::test_generate_summary_result_hash_deterministic PASSED [  1%]
tests/analysis_summary/test_engine_generation.py::test_generate_summary_idempotent_same_cas_same_hash PASSED [  1%]
tests/analysis_summary/test_engine_generation.py::test_generate_summary_no_pipeline_run_returns_blocked PASSED [  1%]
tests/analysis_summary/test_engine_generation.py::test_generate_summary_status_mapping PASSED [  1%]
tests/analysis_summary/test_engine_generation.py::test_generate_summary_persists_result_jsonb_complete PASSED [  1%]
tests/analysis_summary/test_engine_generation.py::test_build_summary_rejects_malformed_cas PASSED [  1%]
tests/analysis_summary/test_engine_generation.py::test_generate_summary_engine_does_not_call_pipeline PASSED [  1%]
tests/api/test_criteria_api.py::TestPostCriterion::test_creation_nominale_201 PASSED [  1%]
tests/api/test_criteria_api.py::TestPostCriterion::test_currency_defaut_xof PASSED [  2%]
tests/api/test_criteria_api.py::TestPostCriterion::test_case_id_introuvable_404 PASSED [  2%]
tests/api/test_criteria_api.py::TestPostCriterion::test_categorie_invalide_422 PASSED [  2%]
tests/api/test_criteria_api.py::TestPostCriterion::test_scoring_method_invalide_422 PASSED [  2%]
tests/api/test_criteria_api.py::TestPostCriterion::test_poids_negatif_422 PASSED [  2%]
tests/api/test_criteria_api.py::TestPostCriterion::test_poids_superieur_100_422 PASSED [  2%]
tests/api/test_criteria_api.py::TestPostCriterion::test_label_vide_422 PASSED [  2%]
tests/api/test_criteria_api.py::TestPostCriterion::test_canonical_item_id_optionnel PASSED [  2%]
tests/api/test_criteria_api.py::TestPostCriterion::test_is_essential_accepte PASSED [  2%]
tests/api/test_criteria_api.py::TestGetCriteriaList::test_liste_vide PASSED [  2%]
tests/api/test_criteria_api.py::TestGetCriteriaList::test_liste_retourne_critere_cree PASSED [  3%]
tests/api/test_criteria_api.py::TestGetCriteriaList::test_liste_plusieurs_criteres PASSED [  3%]
tests/api/test_criteria_api.py::TestGetCriteriaList::test_liste_org_id_obligatoire PASSED [  3%]
tests/api/test_criteria_api.py::TestValidateWeights::test_somme_valide_100_pct PASSED [  3%]
tests/api/test_criteria_api.py::TestValidateWeights::test_somme_invalide_retourne_message PASSED [  3%]
tests/api/test_criteria_api.py::TestValidateWeights::test_essentiels_exclus_de_la_somme PASSED [  3%]
tests/api/test_criteria_api.py::TestValidateWeights::test_validate_weights_org_id_obligatoire PASSED [  3%]
tests/api/test_criteria_api.py::TestValidateWeights::test_validate_weights_dossier_vide PASSED [  3%]
tests/api/test_criteria_api.py::TestGetCriterionById::test_get_criterion_ok PASSED [  3%]
tests/api/test_criteria_api.py::TestGetCriterionById::test_get_criterion_introuvable_404 PASSED [  4%]
tests/api/test_criteria_api.py::TestGetCriterionById::test_get_criterion_org_id_obligatoire PASSED [  4%]
tests/api/test_criteria_api.py::TestDeleteCriterion::test_delete_criterion_204 PASSED [  4%]
tests/api/test_criteria_api.py::TestDeleteCriterion::test_delete_criterion_introuvable_404 PASSED [  4%]
tests/api/test_criteria_api.py::TestDeleteCriterion::test_delete_gouvernance_hors_draft_404 PASSED [  4%]
tests/api/test_criteria_api.py::TestDeleteCriterion::test_delete_org_id_obligatoire PASSED [  4%]
tests/api/test_criteria_api.py::TestMultiTenantIsolation::test_org_a_ne_voit_pas_criteres_org_b PASSED [  4%]
tests/api/test_criteria_api.py::TestMultiTenantIsolation::test_org_a_ne_peut_supprimer_critere_org_b PASSED [  4%]
tests/api/test_criteria_api.py::TestMultiTenantIsolation::test_get_criterion_org_incorrect_404 PASSED [  4%]
tests/audit/test_audit_append_only.py::TestTriggerDelete::test_delete_rejete_par_trigger PASSED [  4%]
tests/audit/test_audit_append_only.py::TestTriggerUpdate::test_update_rejete_par_trigger PASSED [  5%]
tests/audit/test_audit_append_only.py::TestTriggerTruncate::test_truncate_rejete_par_trigger PASSED [  5%]
tests/audit/test_audit_append_only.py::TestInsertAutorise::test_insert_autorise PASSED [  5%]
tests/audit/test_audit_chain.py::TestVerifyChainDB::test_chaine_une_entree_integre PASSED [  5%]
tests/audit/test_audit_chain.py::TestVerifyChainDB::test_chaine_cinq_entrees_integre PASSED [  5%]
tests/audit/test_audit_chain.py::TestVerifyChainDB::test_event_hash_altere_detecte PASSED [  5%]
tests/audit/test_audit_chain.py::TestVerifyChainDB::test_prev_hash_altere_detecte PASSED [  5%]
tests/audit/test_audit_chain.py::TestVerifyChainDB::test_payload_canonical_altere_detecte PASSED [  5%]
tests/audit/test_audit_chain.py::TestVerifyChainPython::test_verify_chain_python_appelle_db PASSED [  5%]
tests/audit/test_audit_chain.py::TestVerifyChainPython::test_verify_chain_plage_vide_true PASSED [  6%]
tests/audit/test_audit_chain.py::TestVerifyChainPython::test_verify_chain_from_to_seq_filtre PASSED [  6%]
tests/audit/test_audit_chain.py::TestCroisePythonDB::test_croise_timestamp_canonical_identique PASSED [  6%]
tests/audit/test_audit_logger.py::TestPremiÞreEntrÚe::test_premiere_entree_prev_hash_genesis PASSED [  6%]
tests/audit/test_audit_logger.py::TestPremiÞreEntrÚe::test_deuxieme_entree_prev_hash_est_event_hash_premiere PASSED [  6%]
tests/audit/test_audit_logger.py::TestPremiÞreEntrÚe::test_chain_seq_croissant PASSED [  6%]
tests/audit/test_audit_logger.py::TestPremiÞreEntrÚe::test_deux_write_event_chaine_coherente PASSED [  6%]
tests/audit/test_audit_logger.py::TestEventHash::test_event_hash_recalcule_manuellement PASSED [  6%]
tests/audit/test_audit_logger.py::TestEventHash::test_event_hash_est_hex_sha256 PASSED [  6%]
tests/audit/test_audit_logger.py::TestPayloadCanonical::test_payload_none_canonical_vide PASSED [  6%]
tests/audit/test_audit_logger.py::TestPayloadCanonical::test_payload_dict_canonical_json PASSED [  7%]
tests/audit/test_audit_logger.py::TestPayloadCanonical::test_payload_canonical_sort_keys PASSED [  7%]
tests/audit/test_audit_logger.py::TestPayloadCanonical::test_payload_vide_canonical_vide PASSED [  7%]
tests/audit/test_audit_logger.py::TestPayloadCanonical::test_payload_unicode_ensure_ascii_false PASSED [  7%]
tests/audit/test_audit_logger.py::TestActorId::test_actor_id_none_accepte PASSED [  7%]
tests/audit/test_audit_logger.py::TestActorId::test_actor_id_dans_hash PASSED [  7%]
tests/audit/test_audit_logger.py::TestIpAddress::test_ip_address_none_accepte PASSED [  7%]
tests/audit/test_audit_logger.py::TestIpAddress::test_ip_address_stockee PASSED [  7%]
tests/audit/test_audit_logger.py::TestRetour::test_write_event_retourne_tous_les_champs PASSED [  7%]
tests/audit/test_audit_logger.py::TestTimestampCanonical::test_timestamp_canonical_format PASSED [  8%]
tests/auth/test_jwt_handler.py::test_access_token_claims PASSED          [  8%]
tests/auth/test_jwt_handler.py::test_refresh_token_type PASSED           [  8%]
tests/auth/test_jwt_handler.py::test_access_token_ttl PASSED             [  8%]
tests/auth/test_jwt_handler.py::test_valid_token_verify PASSED           [  8%]
tests/auth/test_jwt_handler.py::test_expired_token_raises PASSED         [  8%]
tests/auth/test_jwt_handler.py::test_invalid_signature_raises PASSED     [  8%]
tests/auth/test_jwt_handler.py::test_blacklisted_token_raises PASSED     [  8%]
tests/auth/test_jwt_handler.py::test_wrong_type_raises PASSED            [  8%]
tests/auth/test_jwt_handler.py::test_rotate_refresh_emits_new_tokens PASSED [  8%]
tests/auth/test_jwt_handler.py::test_rotate_blacklists_old_refresh_jti PASSED [  9%]
tests/auth/test_jwt_handler.py::test_rotate_rejects_second_use PASSED    [  9%]
tests/auth/test_jwt_handler.py::test_secret_key_absent_raises_value_error PASSED [  9%]
tests/auth/test_rate_limiting.py::test_redis_absent_requete_passe PASSED [  9%]
tests/auth/test_rate_limiting.py::test_redis_absent_pas_de_429 PASSED    [  9%]
tests/auth/test_rate_limiting.py::test_101eme_requete_meme_ip_renvoie_429 PASSED [  9%]
tests/auth/test_rate_limiting.py::test_retry_after_header_present PASSED [  9%]
tests/auth/test_rate_limiting.py::test_ttl_redis_mock_horloge PASSED     [  9%]
tests/auth/test_rbac.py::test_roles_set_complet PASSED                   [  9%]
tests/auth/test_rbac.py::test_admin_cases_crud PASSED                    [ 10%]
tests/auth/test_rbac.py::test_admin_vendors_crud PASSED                  [ 10%]
tests/auth/test_rbac.py::test_admin_committees_crud PASSED               [ 10%]
tests/auth/test_rbac.py::test_admin_admin_ops_all PASSED                 [ 10%]
tests/auth/test_rbac.py::test_manager_cases_crud PASSED                  [ 10%]
tests/auth/test_rbac.py::test_manager_vendors_no_delete PASSED           [ 10%]
tests/auth/test_rbac.py::test_manager_no_admin_ops PASSED                [ 10%]
tests/auth/test_rbac.py::test_buyer_cases_create_read PASSED             [ 10%]
tests/auth/test_rbac.py::test_buyer_vendors_read_only PASSED             [ 10%]
tests/auth/test_rbac.py::test_buyer_committees_read PASSED               [ 10%]
tests/auth/test_rbac.py::test_buyer_no_admin_ops PASSED                  [ 11%]
tests/auth/test_rbac.py::test_viewer_read_all_resources PASSED           [ 11%]
tests/auth/test_rbac.py::test_viewer_no_write PASSED                     [ 11%]
tests/auth/test_rbac.py::test_viewer_no_admin_ops PASSED                 [ 11%]
tests/auth/test_rbac.py::test_auditor_read_all_resources PASSED          [ 11%]
tests/auth/test_rbac.py::test_auditor_no_admin_ops PASSED                [ 11%]
tests/auth/test_rbac.py::test_auditor_no_write PASSED                    [ 11%]
tests/auth/test_rbac.py::test_role_inconnu_refuse PASSED                 [ 11%]
tests/auth/test_rbac.py::test_require_role_autorise PASSED               [ 11%]
tests/auth/test_rbac.py::test_require_role_refuse PASSED                 [ 12%]
tests/auth/test_security_headers.py::test_x_content_type_options PASSED  [ 12%]
tests/auth/test_security_headers.py::test_x_frame_options PASSED         [ 12%]
tests/auth/test_security_headers.py::test_x_xss_protection PASSED        [ 12%]
tests/auth/test_security_headers.py::test_strict_transport_security PASSED [ 12%]
tests/auth/test_security_headers.py::test_content_security_policy PASSED [ 12%]
tests/auth/test_security_headers.py::test_referrer_policy PASSED         [ 12%]
tests/auth/test_security_headers.py::test_cache_control_no_store_sur_auth PASSED [ 12%]
tests/auth/test_security_headers.py::test_cache_control_absent_hors_auth PASSED [ 12%]
tests/auth/test_security_headers.py::test_all_security_headers_present_on_auth_route PASSED [ 12%]
tests/auth/test_token_blacklist.py::test_jti_revoque_bloque_get_current_user PASSED [ 13%]
tests/auth/test_token_blacklist.py::test_jti_non_revoque_retourne_user PASSED [ 13%]
tests/auth/test_token_blacklist.py::test_cleanup_supprime_expires_passes PASSED [ 13%]
tests/auth/test_token_blacklist.py::test_cleanup_conserve_expires_futurs PASSED [ 13%]
tests/auth/test_token_blacklist.py::test_unique_constraint_jti_double_revocation PASSED [ 13%]
tests/auth/test_token_blacklist.py::test_revoke_token_idempotent PASSED  [ 13%]
tests/boundary/test_constitution_compliance.py::test_constitution_no_decisional_fields_in_schemas PASSED [ 13%]
tests/boundary/test_constitution_compliance.py::test_constitution_router_prefix_is_price_check PASSED [ 13%]
tests/boundary/test_constitution_compliance.py::test_constitution_no_write_to_score_tables PASSED [ 13%]
tests/boundary/test_couche_a_b_boundary.py::test_dt006_no_business_couche_b_submodule_imports PASSED [ 14%]
tests/boundary/test_couche_a_b_boundary.py::test_dt006_scope_files_exist PASSED [ 14%]
tests/boundary/test_no_evaluation_import_in_couche_a.py::test_no_evaluation_import_in_couche_a PASSED [ 14%]
tests/boundary/test_no_evaluation_import_in_couche_a.py::test_evaluation_profiles_not_imported_in_price_check PASSED [ 14%]
tests/committee/test_committee_lifecycle.py::TestCommitteeLifecycle::test_create_committee_draft PASSED [ 14%]
tests/committee/test_committee_lifecycle.py::TestCommitteeLifecycle::test_open_session_from_draft PASSED [ 14%]
tests/committee/test_committee_lifecycle.py::TestCommitteeLifecycle::test_open_session_from_non_draft_raises PASSED [ 14%]
tests/committee/test_committee_lifecycle.py::TestCommitteeLifecycle::test_set_in_review_from_open PASSED [ 14%]
tests/committee/test_committee_lifecycle.py::TestCommitteeLifecycle::test_add_member_in_draft PASSED [ 14%]
tests/committee/test_committee_lifecycle.py::TestCommitteeLifecycle::test_add_member_in_open PASSED [ 14%]
tests/committee/test_committee_lifecycle.py::TestCommitteeLifecycle::test_add_member_in_review_raises PASSED [ 15%]
tests/committee/test_committee_lifecycle.py::TestCommitteeLifecycle::test_remove_member_in_draft PASSED [ 15%]
tests/committee/test_committee_lifecycle.py::TestCommitteeLifecycle::test_remove_member_after_open_raises PASSED [ 15%]
tests/committee/test_committee_lifecycle.py::TestCommitteeLifecycle::test_cancel_from_draft PASSED [ 15%]
tests/committee/test_committee_lifecycle.py::TestCommitteeLifecycle::test_cancel_from_sealed_raises PASSED [ 15%]
tests/committee/test_committee_lifecycle.py::TestCommitteeLifecycle::test_sealed_to_open_transition_blocked_db_level PASSED [ 15%]
tests/committee/test_committee_lifecycle.py::TestCommitteeLifecycle::test_events_appended_on_lifecycle PASSED [ 15%]
tests/committee/test_committee_no_couche_b_import.py::TestCoucheABBoundaryCommittee::test_no_couche_b_imports_in_committee_module PASSED [ 15%]
tests/committee/test_committee_no_couche_b_import.py::TestCoucheABBoundaryCommittee::test_committee_module_files_exist PASSED [ 15%]
tests/committee/test_committee_readiness_preconditions.py::TestReadinessPreconditions::test_rationale_trop_court_raises PASSED [ 16%]
tests/committee/test_committee_readiness_preconditions.py::TestReadinessPreconditions::test_no_decision_candidate_raises PASSED [ 16%]
tests/committee/test_committee_readiness_preconditions.py::TestReadinessPreconditions::test_no_award_explicite_valide PASSED [ 16%]
tests/committee/test_committee_readiness_preconditions.py::TestReadinessPreconditions::test_quorum_insuffisant_raises PASSED [ 16%]
tests/committee/test_committee_readiness_preconditions.py::TestReadinessPreconditions::test_case_status_draft_raises PASSED [ 16%]
tests/committee/test_committee_readiness_preconditions.py::TestReadinessPreconditions::test_committee_status_sealed_raises PASSED [ 16%]
tests/committee/test_committee_readiness_preconditions.py::TestReadinessPreconditions::test_committee_status_draft_raises PASSED [ 16%]
tests/committee/test_committee_readiness_preconditions.py::TestReadinessPreconditions::test_incoh_case_id_raises PASSED [ 16%]
tests/committee/test_committee_seal_transaction.py::TestCommitteeSealTransaction::test_seal_creates_snapshot_atomically PASSED [ 16%]
tests/committee/test_committee_seal_transaction.py::TestCommitteeSealTransaction::test_seal_without_decision_raises PASSED [ 16%]
tests/committee/test_committee_seal_transaction.py::TestCommitteeSealTransaction::test_seal_without_rationale_raises PASSED [ 17%]
tests/committee/test_committee_seal_transaction.py::TestCommitteeSealTransaction::test_seal_with_no_award_valid PASSED [ 17%]
