============================= test session starts =============================
platform win32 -- Python 3.11.0, pytest-9.0.2, pluggy-1.6.0 -- C:\Users\abdoulaye.ousmane\AppData\Local\Programs\Python\Python311\python.exe
cachedir: .pytest_cache
rootdir: C:\Users\abdoulaye.ousmane\decision-memory-v1
configfile: pyproject.toml
testpaths: tests
plugins: anyio-4.12.1, cov-7.0.0
collecting ... collected 526 items

tests/analysis_summary/test_engine_contracts_ast.py::test_engine_does_not_import_pipeline_execution_functions PASSED [  0%]
tests/analysis_summary/test_engine_contracts_ast.py::test_engine_has_no_stc_reference PASSED [  0%]
tests/analysis_summary/test_engine_contracts_ast.py::test_engine_does_not_import_export_or_renderer_namespaces PASSED [  0%]
tests/analysis_summary/test_engine_generation.py::test_generate_summary_produces_summary_document_v1 PASSED [  0%]
tests/analysis_summary/test_engine_generation.py::test_generate_summary_has_required_sections PASSED [  0%]
tests/analysis_summary/test_engine_generation.py::test_generate_summary_has_no_stc_fields PASSED [  1%]
tests/analysis_summary/test_engine_generation.py::test_summary_section_rejects_winner_in_content PASSED [  1%]
tests/analysis_summary/test_engine_generation.py::test_summary_section_rejects_rank_in_content PASSED [  1%]
tests/analysis_summary/test_engine_generation.py::test_summary_section_rejects_best_offer_in_content PASSED [  1%]
tests/analysis_summary/test_engine_generation.py::test_summary_section_rejects_nested_forbidden_fields_in_content PASSED [  1%]
tests/analysis_summary/test_engine_generation.py::test_generate_summary_result_hash_deterministic PASSED [  2%]
tests/analysis_summary/test_engine_generation.py::test_generate_summary_idempotent_same_cas_same_hash PASSED [  2%]
tests/analysis_summary/test_engine_generation.py::test_generate_summary_no_pipeline_run_returns_blocked PASSED [  2%]
tests/analysis_summary/test_engine_generation.py::test_generate_summary_status_mapping PASSED [  2%]
tests/analysis_summary/test_engine_generation.py::test_generate_summary_persists_result_jsonb_complete PASSED [  2%]
tests/analysis_summary/test_engine_generation.py::test_build_summary_rejects_malformed_cas PASSED [  3%]
tests/analysis_summary/test_engine_generation.py::test_generate_summary_engine_does_not_call_pipeline PASSED [  3%]
tests/api/test_criteria_api.py::TestPostCriterion::test_creation_nominale_201 PASSED [  3%]
tests/api/test_criteria_api.py::TestPostCriterion::test_currency_defaut_xof PASSED [  3%]
tests/api/test_criteria_api.py::TestPostCriterion::test_case_id_introuvable_404 PASSED [  3%]
tests/api/test_criteria_api.py::TestPostCriterion::test_categorie_invalide_422 PASSED [  3%]
tests/api/test_criteria_api.py::TestPostCriterion::test_scoring_method_invalide_422 PASSED [  4%]
tests/api/test_criteria_api.py::TestPostCriterion::test_poids_negatif_422 PASSED [  4%]
tests/api/test_criteria_api.py::TestPostCriterion::test_poids_superieur_100_422 PASSED [  4%]
tests/api/test_criteria_api.py::TestPostCriterion::test_label_vide_422 PASSED [  4%]
tests/api/test_criteria_api.py::TestPostCriterion::test_canonical_item_id_optionnel PASSED [  4%]
tests/api/test_criteria_api.py::TestPostCriterion::test_is_essential_accepte PASSED [  5%]
tests/api/test_criteria_api.py::TestGetCriteriaList::test_liste_vide PASSED [  5%]
tests/api/test_criteria_api.py::TestGetCriteriaList::test_liste_retourne_critere_cree PASSED [  5%]
tests/api/test_criteria_api.py::TestGetCriteriaList::test_liste_plusieurs_criteres PASSED [  5%]
tests/api/test_criteria_api.py::TestGetCriteriaList::test_liste_org_id_obligatoire PASSED [  5%]
tests/api/test_criteria_api.py::TestValidateWeights::test_somme_valide_100_pct PASSED [  6%]
tests/api/test_criteria_api.py::TestValidateWeights::test_somme_invalide_retourne_message PASSED [  6%]
tests/api/test_criteria_api.py::TestValidateWeights::test_essentiels_exclus_de_la_somme PASSED [  6%]
tests/api/test_criteria_api.py::TestValidateWeights::test_validate_weights_org_id_obligatoire PASSED [  6%]
tests/api/test_criteria_api.py::TestValidateWeights::test_validate_weights_dossier_vide PASSED [  6%]
tests/api/test_criteria_api.py::TestGetCriterionById::test_get_criterion_ok PASSED [  7%]
tests/api/test_criteria_api.py::TestGetCriterionById::test_get_criterion_introuvable_404 PASSED [  7%]
tests/api/test_criteria_api.py::TestGetCriterionById::test_get_criterion_org_id_obligatoire PASSED [  7%]
tests/api/test_criteria_api.py::TestDeleteCriterion::test_delete_criterion_204 PASSED [  7%]
tests/api/test_criteria_api.py::TestDeleteCriterion::test_delete_criterion_introuvable_404 PASSED [  7%]
tests/api/test_criteria_api.py::TestDeleteCriterion::test_delete_gouvernance_hors_draft_404 PASSED [  7%]
tests/api/test_criteria_api.py::TestDeleteCriterion::test_delete_org_id_obligatoire PASSED [  8%]
tests/api/test_criteria_api.py::TestMultiTenantIsolation::test_org_a_ne_voit_pas_criteres_org_b PASSED [  8%]
tests/api/test_criteria_api.py::TestMultiTenantIsolation::test_org_a_ne_peut_supprimer_critere_org_b PASSED [  8%]
tests/api/test_criteria_api.py::TestMultiTenantIsolation::test_get_criterion_org_incorrect_404 PASSED [  8%]
tests/boundary/test_constitution_compliance.py::test_constitution_no_decisional_fields_in_schemas PASSED [  8%]
tests/boundary/test_constitution_compliance.py::test_constitution_router_prefix_is_price_check PASSED [  9%]
tests/boundary/test_constitution_compliance.py::test_constitution_no_write_to_score_tables PASSED [  9%]
tests/boundary/test_couche_a_b_boundary.py::test_dt006_no_business_couche_b_submodule_imports PASSED [  9%]
tests/boundary/test_couche_a_b_boundary.py::test_dt006_scope_files_exist PASSED [  9%]
tests/boundary/test_no_evaluation_import_in_couche_a.py::test_no_evaluation_import_in_couche_a PASSED [  9%]
tests/boundary/test_no_evaluation_import_in_couche_a.py::test_evaluation_profiles_not_imported_in_price_check PASSED [ 10%]
tests/committee/test_committee_lifecycle.py::TestCommitteeLifecycle::test_create_committee_draft PASSED [ 10%]
tests/committee/test_committee_lifecycle.py::TestCommitteeLifecycle::test_open_session_from_draft PASSED [ 10%]
tests/committee/test_committee_lifecycle.py::TestCommitteeLifecycle::test_open_session_from_non_draft_raises PASSED [ 10%]
tests/committee/test_committee_lifecycle.py::TestCommitteeLifecycle::test_set_in_review_from_open PASSED [ 10%]
tests/committee/test_committee_lifecycle.py::TestCommitteeLifecycle::test_add_member_in_draft PASSED [ 11%]
tests/committee/test_committee_lifecycle.py::TestCommitteeLifecycle::test_add_member_in_open PASSED [ 11%]
tests/committee/test_committee_lifecycle.py::TestCommitteeLifecycle::test_add_member_in_review_raises PASSED [ 11%]
tests/committee/test_committee_lifecycle.py::TestCommitteeLifecycle::test_remove_member_in_draft PASSED [ 11%]
tests/committee/test_committee_lifecycle.py::TestCommitteeLifecycle::test_remove_member_after_open_raises PASSED [ 11%]
tests/committee/test_committee_lifecycle.py::TestCommitteeLifecycle::test_cancel_from_draft PASSED [ 11%]
tests/committee/test_committee_lifecycle.py::TestCommitteeLifecycle::test_cancel_from_sealed_raises PASSED [ 12%]
tests/committee/test_committee_lifecycle.py::TestCommitteeLifecycle::test_sealed_to_open_transition_blocked_db_level PASSED [ 12%]
tests/committee/test_committee_lifecycle.py::TestCommitteeLifecycle::test_events_appended_on_lifecycle PASSED [ 12%]
tests/committee/test_committee_no_couche_b_import.py::TestCoucheABBoundaryCommittee::test_no_couche_b_imports_in_committee_module PASSED [ 12%]
tests/committee/test_committee_no_couche_b_import.py::TestCoucheABBoundaryCommittee::test_committee_module_files_exist PASSED [ 12%]
tests/committee/test_committee_readiness_preconditions.py::TestReadinessPreconditions::test_rationale_trop_court_raises PASSED [ 13%]
tests/committee/test_committee_readiness_preconditions.py::TestReadinessPreconditions::test_no_decision_candidate_raises PASSED [ 13%]
tests/committee/test_committee_readiness_preconditions.py::TestReadinessPreconditions::test_no_award_explicite_valide PASSED [ 13%]
tests/committee/test_committee_readiness_preconditions.py::TestReadinessPreconditions::test_quorum_insuffisant_raises PASSED [ 13%]
tests/committee/test_committee_readiness_preconditions.py::TestReadinessPreconditions::test_case_status_draft_raises PASSED [ 13%]
tests/committee/test_committee_readiness_preconditions.py::TestReadinessPreconditions::test_committee_status_sealed_raises PASSED [ 14%]
tests/committee/test_committee_readiness_preconditions.py::TestReadinessPreconditions::test_committee_status_draft_raises PASSED [ 14%]
tests/committee/test_committee_readiness_preconditions.py::TestReadinessPreconditions::test_incoh_case_id_raises PASSED [ 14%]
tests/committee/test_committee_seal_transaction.py::TestCommitteeSealTransaction::test_seal_creates_snapshot_atomically PASSED [ 14%]
tests/committee/test_committee_seal_transaction.py::TestCommitteeSealTransaction::test_seal_without_decision_raises PASSED [ 14%]
tests/committee/test_committee_seal_transaction.py::TestCommitteeSealTransaction::test_seal_without_rationale_raises PASSED [ 15%]
tests/committee/test_committee_seal_transaction.py::TestCommitteeSealTransaction::test_seal_with_no_award_valid PASSED [ 15%]
tests/committee/test_committee_seal_transaction.py::TestCommitteeSealTransaction::test_sealed_committee_blocks_member_insert PASSED [ 15%]
tests/committee/test_committee_seal_transaction.py::TestCommitteeSealTransaction::test_sealed_committee_blocks_decision_update PASSED [ 15%]
tests/committee/test_committee_seal_transaction.py::TestCommitteeSealTransaction::test_double_seal_idempotent_via_snapshot_hash PASSED [ 15%]
tests/couche_a/test_endpoints.py::test_depot_dashboard_and_export SKIPPED [ 15%]
tests/couche_a/test_extraction_typed.py::test_classify_essential PASSED  [ 16%]
tests/couche_a/test_extraction_typed.py::test_classify_commercial PASSED [ 16%]
tests/couche_a/test_extraction_typed.py::test_classify_capacity PASSED   [ 16%]
tests/couche_a/test_extraction_typed.py::test_classify_sustainability PASSED [ 16%]
tests/couche_a/test_extraction_typed.py::test_validate_weightings_ok PASSED [ 16%]
tests/couche_a/test_extraction_typed.py::test_validate_weightings_fail_commercial PASSED [ 17%]
tests/couche_a/test_extraction_typed.py::test_validate_weightings_fail_sustainability PASSED [ 17%]
tests/couche_a/test_extraction_typed.py::test_validate_weightings_fail_both PASSED [ 17%]
tests/couche_a/test_extraction_typed.py::test_profile_for_category PASSED [ 17%]
tests/couche_a/test_extraction_typed.py::test_profile_for_category_generic PASSED [ 17%]
tests/couche_a/test_extraction_typed.py::test_profile_for_category_it PASSED [ 18%]
tests/couche_a/test_extraction_typed.py::test_profile_for_category_construction PASSED [ 18%]
tests/couche_a/test_migration.py::test_upgrade_downgrade FAILED          [ 18%]
tests/couche_a/test_scoring.py::TestScoringEngine::test_score_result_creation PASSED [ 18%]
tests/couche_a/test_scoring.py::TestScoringEngine::test_elimination_result_creation PASSED [ 18%]
tests/couche_a/test_scoring.py::TestScoringEngine::test_scoring_engine_initialization PASSED [ 19%]
tests/couche_a/test_scoring.py::TestScoringEngine::test_calculate_commercial_scores_basic PASSED [ 19%]
tests/couche_a/test_scoring.py::TestScoringEngine::test_calculate_commercial_scores_no_prices PASSED [ 19%]
tests/couche_a/test_scoring.py::TestScoringEngine::test_calculate_capacity_scores PASSED [ 19%]
tests/couche_a/test_scoring.py::TestScoringEngine::test_calculate_sustainability_scores PASSED [ 19%]
tests/couche_a/test_scoring.py::TestScoringEngine::test_calculate_total_scores PASSED [ 19%]
tests/couche_a/test_scoring.py::TestScoringEngine::test_check_eliminatory_criteria PASSED [ 20%]
tests/couche_a/test_scoring.py::TestScoringEngine::test_save_scores_to_db PASSED [ 20%]
tests/couche_a/test_scoring.py::TestScoringEngine::test_save_eliminations_to_db PASSED [ 20%]
tests/couche_a/test_scoring.py::TestScoringIntegration::test_full_scoring_pipeline PASSED [ 20%]
tests/couche_b/test_resolvers.py::test_resolve_zone_exact_match PASSED   [ 20%]
tests/couche_b/test_resolvers.py::test_resolve_zone_fuzzy_match PASSED   [ 21%]
tests/couche_b/test_resolvers.py::test_resolve_zone_no_match PASSED      [ 21%]
tests/couche_b/test_resolvers.py::test_resolve_zone_empty_string PASSED  [ 21%]
tests/couche_b/test_resolvers.py::test_resolve_vendor_exact_match PASSED [ 21%]
tests/couche_b/test_resolvers.py::test_resolve_vendor_fuzzy_match PASSED [ 21%]
tests/couche_b/test_resolvers.py::test_resolve_vendor_no_match PASSED    [ 22%]
tests/couche_b/test_resolvers.py::test_resolve_vendor_empty_string PASSED [ 22%]
tests/couche_b/test_resolvers.py::test_resolve_item_exact_match PASSED   [ 22%]
tests/couche_b/test_resolvers.py::test_resolve_item_fuzzy_match PASSED   [ 22%]
tests/couche_b/test_resolvers.py::test_resolve_item_no_match PASSED      [ 22%]
tests/couche_b/test_resolvers.py::test_resolve_item_empty_string PASSED  [ 23%]
tests/db_integrity/test_analysis_summaries_append_only.py::test_analysis_summaries_update_forbidden ERROR [ 23%]
tests/db_integrity/test_analysis_summaries_append_only.py::test_analysis_summaries_delete_forbidden ERROR [ 23%]
tests/db_integrity/test_analysis_summaries_append_only.py::test_analysis_summaries_insert_allowed ERROR [ 23%]
tests/db_integrity/test_analysis_summaries_append_only.py::test_analysis_summaries_unique_result_hash_enforced ERROR [ 23%]
tests/db_integrity/test_corrections_append_only.py::test_corrections_cannot_be_updated ERROR [ 23%]
tests/db_integrity/test_corrections_append_only.py::test_corrections_cannot_be_deleted ERROR [ 24%]
tests/db_integrity/test_corrections_append_only.py::test_corrections_can_be_inserted ERROR [ 24%]
tests/db_integrity/test_corrections_append_only.py::test_effective_view_applies_corrections_in_order ERROR [ 24%]
tests/db_integrity/test_criteria_db_level.py::TestCriteriaTableStructure::test_table_criteria_existe ERROR [ 24%]
tests/db_integrity/test_criteria_db_level.py::TestCriteriaTableStructure::test_enum_category_existe ERROR [ 24%]
tests/db_integrity/test_criteria_db_level.py::TestCriteriaTableStructure::test_enum_scoring_method_existe ERROR [ 25%]
tests/db_integrity/test_criteria_db_level.py::TestCriteriaTableStructure::test_insertion_nominale ERROR [ 25%]
tests/db_integrity/test_criteria_db_level.py::TestCriteriaTableStructure::test_devise_defaut_xof ERROR [ 25%]
tests/db_integrity/test_criteria_db_level.py::TestCriteriaTableStructure::test_is_essential_defaut_false ERROR [ 25%]
tests/db_integrity/test_criteria_db_level.py::TestCriteriaContraintes::test_categorie_invalide_rejetee ERROR [ 25%]
tests/db_integrity/test_criteria_db_level.py::TestCriteriaContraintes::test_poids_negatif_rejete ERROR [ 26%]
tests/db_integrity/test_criteria_db_level.py::TestCriteriaContraintes::test_poids_superieur_100_rejete ERROR [ 26%]
tests/db_integrity/test_criteria_db_level.py::TestCriteriaContraintes::test_methode_invalide_rejetee ERROR [ 26%]
tests/db_integrity/test_criteria_db_level.py::TestCriteriaContraintes::test_fk_case_id_enforced ERROR [ 26%]
tests/db_integrity/test_criteria_db_level.py::TestCriteriaTriggerPoidsDEFERRED::test_insertion_partielle_acceptee_en_draft ERROR [ 26%]
tests/db_integrity/test_criteria_db_level.py::TestCriteriaTriggerPoidsDEFERRED::test_trigger_bloque_au_commit_somme_invalide ERROR [ 26%]
tests/db_integrity/test_criteria_db_level.py::TestCriteriaTriggerPoidsDEFERRED::test_transaction_complete_100pct_acceptee ERROR [ 27%]
tests/db_integrity/test_criteria_db_level.py::TestCriteriaTriggerPoidsDEFERRED::test_essentiels_exclus_de_la_somme ERROR [ 27%]
tests/db_integrity/test_criteria_db_level.py::TestCriteriaIsolationOrg::test_org_ne_voit_pas_criteres_autre_org ERROR [ 27%]
tests/db_integrity/test_extraction_jobs_fsm.py::TestFSMTransitionsValides::test_pending_to_processing ERROR [ 27%]
tests/db_integrity/test_extraction_jobs_fsm.py::TestFSMTransitionsValides::test_pending_to_failed ERROR [ 27%]
tests/db_integrity/test_extraction_jobs_fsm.py::TestFSMTransitionsValides::test_processing_to_done ERROR [ 28%]
tests/db_integrity/test_extraction_jobs_fsm.py::TestFSMTransitionsValides::test_processing_to_failed ERROR [ 28%]
tests/db_integrity/test_extraction_jobs_fsm.py::TestFSMTransitionsValides::test_failed_to_pending_retry ERROR [ 28%]
tests/db_integrity/test_extraction_jobs_fsm.py::TestFSMTransitionsValides::test_same_status_no_error ERROR [ 28%]
tests/db_integrity/test_extraction_jobs_fsm.py::TestFSMTransitionsInvalides::test_pending_to_done_interdit ERROR [ 28%]
tests/db_integrity/test_extraction_jobs_fsm.py::TestFSMTransitionsInvalides::test_done_to_pending_interdit ERROR [ 29%]
tests/db_integrity/test_lock_committee_db_level.py::test_locked_committee_blocks_member_insert SKIPPEDee_lock directement via psycopg2.) [ 29%]
tests/db_integrity/test_lock_committee_db_level.py::test_locked_committee_blocks_member_update SKIPPED [ 29%]
tests/db_integrity/test_lock_committee_db_level.py::test_locked_committee_blocks_member_delete SKIPPED [ 29%]
tests/db_integrity/test_lock_committee_db_level.py::test_committee_lock_is_irreversible SKIPPED [ 29%]
tests/db_integrity/test_pipeline_append_only_triggers.py::test_pr_trigger_present ERROR [ 30%]
tests/db_integrity/test_pipeline_append_only_triggers.py::test_pr_update_forbidden ERROR [ 30%]
tests/db_integrity/test_pipeline_append_only_triggers.py::test_pr_delete_forbidden ERROR [ 30%]
tests/db_integrity/test_pipeline_append_only_triggers.py::test_pr_insert_valid ERROR [ 30%]
tests/db_integrity/test_pipeline_append_only_triggers.py::test_psr_trigger_present ERROR [ 30%]
tests/db_integrity/test_pipeline_append_only_triggers.py::test_psr_update_forbidden ERROR [ 30%]
tests/db_integrity/test_pipeline_append_only_triggers.py::test_psr_delete_forbidden ERROR [ 31%]
tests/db_integrity/test_pipeline_append_only_triggers.py::test_psr_insert_valid ERROR [ 31%]
tests/db_integrity/test_pipeline_runs_force_recompute_column.py::test_force_recompute_column_exists ERROR [ 31%]
tests/db_integrity/test_pipeline_runs_force_recompute_column.py::test_force_recompute_type_boolean ERROR [ 31%]
tests/db_integrity/test_pipeline_runs_force_recompute_column.py::test_force_recompute_not_nullable ERROR [ 31%]
tests/db_integrity/test_pipeline_runs_force_recompute_column.py::test_force_recompute_default_false ERROR [ 32%]
tests/db_integrity/test_pipeline_runs_force_recompute_column.py::test_force_recompute_index_exists ERROR [ 32%]
tests/db_integrity/test_pipeline_runs_force_recompute_column.py::test_force_recompute_comment_present ERROR [ 32%]
tests/db_integrity/test_triggers_db_level.py::test_trigger_enforce_corrections_append_only_blocks_update ERROR [ 32%]
tests/db_integrity/test_triggers_db_level.py::test_trigger_enforce_corrections_append_only_blocks_delete ERROR [ 32%]
tests/db_integrity/test_triggers_db_level.py::TestCommitteeLockTrigger::test_trigger_allows_member_insert_before_seal ERROR [ 33%]
tests/db_integrity/test_triggers_db_level.py::TestCommitteeLockTrigger::test_trigger_blocks_member_insert_after_seal ERROR [ 33%]
tests/db_integrity/test_triggers_db_level.py::TestCommitteeLockTrigger::test_trigger_allows_decision_seal_transition_update ERROR [ 33%]
tests/db_integrity/test_triggers_db_level.py::TestCommitteeLockTrigger::test_trigger_blocks_decision_update_after_seal ERROR [ 33%]
tests/db_integrity/test_triggers_db_level.py::TestCommitteeLockTrigger::test_trigger_blocks_committee_unlock_from_sealed ERROR [ 33%]
tests/decision_snapshot/test_decision_snapshots_append_only.py::TestDecisionSnapshotsAppendOnly::test_insert_allowed PASSED [ 34%]
tests/decision_snapshot/test_decision_snapshots_append_only.py::TestDecisionSnapshotsAppendOnly::test_update_blocked PASSED [ 34%]
tests/decision_snapshot/test_decision_snapshots_append_only.py::TestDecisionSnapshotsAppendOnly::test_delete_blocked PASSED [ 34%]
tests/decision_snapshot/test_snapshot_created_on_seal.py::TestSnapshotCreatedOnSeal::test_snapshot_non_null_required_fields PASSED [ 34%]
tests/decision_snapshot/test_snapshot_created_on_seal.py::TestSnapshotCreatedOnSeal::test_snapshot_hash_is_deterministic PASSED [ 34%]
tests/decision_snapshot/test_snapshot_created_on_seal.py::TestSnapshotCreatedOnSeal::test_snapshot_committee_id_matches PASSED [ 34%]
tests/decision_snapshot/test_snapshot_schema_neutrality.py::TestSnapshotSchemaNeutrality::test_no_forbidden_fields_in_snapshot_module_source PASSED [ 35%]
tests/decision_snapshot/test_snapshot_schema_neutrality.py::TestSnapshotSchemaNeutrality::test_forbidden_fields_constant_defined_in_snapshot PASSED [ 35%]
tests/decision_snapshot/test_snapshot_schema_neutrality.py::TestSnapshotSchemaNeutrality::test_no_forbidden_columns_in_decision_snapshots_db PASSED [ 35%]
tests/decision_snapshot/test_snapshot_schema_neutrality.py::TestSnapshotSchemaNeutrality::test_assert_no_forbidden_fields_raises_on_violation PASSED [ 35%]
tests/decision_snapshot/test_snapshot_schema_neutrality.py::TestSnapshotSchemaNeutrality::test_assert_no_forbidden_fields_passes_on_clean_snapshot PASSED [ 35%]
tests/generation/test_doctrine_echec_exports.py::test_incomplete_cba_returns_incomplete_status SKIPPEDasqu\xe9s. \U0001f534 BLOQUE CI quand actif.) [ 36%]
tests/generation/test_doctrine_echec_exports.py::test_pv_without_locked_committee_is_blocked SKIPPED [ 36%]
tests/generation/test_doctrine_echec_exports.py::test_uncertain_items_flagged_in_cba_output SKIPPED [ 36%]
tests/integration/test_extraction_e2e.py::TestExtractionSLAAe2e::test_extraction_sla_a_complete ERROR [ 36%]
tests/integration/test_extraction_e2e.py::TestExtractionSLAAe2e::test_extraction_sla_a_document_status_updated ERROR [ 36%]
tests/integration/test_extraction_e2e.py::TestExtractionSLAAe2e::test_get_extraction_result_apres_extraction ERROR [ 37%]
tests/integration/test_extraction_e2e.py::TestExtractionSLABe2e::test_extraction_sla_b_cree_job_en_db ERROR [ 37%]
tests/integration/test_extraction_e2e.py::TestExtractionSLABe2e::test_get_job_status_apres_creation ERROR [ 37%]
tests/integration/test_extraction_e2e.py::TestExtractionSLABe2e::test_extraction_sla_b_retour_immediat ERROR [ 37%]
tests/integration/test_extraction_e2e.py::TestErreurse2e::test_document_deja_extrait_409 ERROR [ 37%]
tests/integration/test_extraction_e2e.py::TestErreurse2e::test_document_inexistant_404 ERROR [ 38%]
tests/integration/test_extraction_e2e.py::TestErreurse2e::test_echec_extraction_enregistre_erreur ERROR [ 38%]
tests/integration/test_extraction_e2e.py::TestErreurse2e::test_echec_extraction_status_failed ERROR [ 38%]
tests/integration/test_extraction_e2e.py::TestErreurse2e::test_get_result_avant_extraction_404 ERROR [ 38%]
tests/integration/test_extraction_e2e.py::TestCohÚrenceDBe2e::test_une_seule_extraction_inseree ERROR [ 38%]
tests/integration/test_extraction_e2e.py::TestCohÚrenceDBe2e::test_confidence_score_persiste_correctement ERROR [ 38%]
tests/invariants/phase0/test_upload_magic_bytes.py::test_upload_rejects_executable_by_magic_bytes SKIPPEDs fichiers non autorisÚs par magic
bytes (pas Content-Type header). Retirer le skip et implÚmenter quand
M-DOCS-CORE est actif.)                                                  [ 39%]
tests/invariants/phase0/test_upload_magic_bytes.py::test_upload_accepts_valid_pdf SKIPPED [ 39%]
tests/invariants/phase0/test_upload_magic_bytes.py::test_upload_accepts_valid_xlsx SKIPPED [ 39%]
tests/invariants/phase0/test_upload_magic_bytes.py::test_upload_accepts_valid_docx SKIPPED [ 39%]
tests/invariants/phase0/test_upload_magic_bytes.py::test_upload_rejects_blocked_extension SKIPPED [ 39%]
tests/invariants/test_couche_a_b_boundary.py::test_no_couche_b_import_in_couche_a SKIPPED M-SCORING-ENGINE est implÚmentÚ. Ce test analyse
les imports Python statiquement (AST) et bloque CI si un module Couche B
est importÚ dans Couche A.)                                              [ 40%]
tests/invariants/test_inv_01_cognitive_load.py::test_inv_01_api_endpoints_simple PASSED [ 40%]
tests/invariants/test_inv_01_cognitive_load.py::test_inv_01_no_complex_workflows PASSED [ 40%]
tests/invariants/test_inv_01_cognitive_load.py::test_inv_01_error_messages_clear PASSED [ 40%]
tests/invariants/test_inv_01_cognitive_load.py::test_inv_01_no_manual_configuration_required PASSED [ 40%]
tests/invariants/test_inv_02_couche_a_primacy.py::test_inv_02_couche_a_independent PASSED [ 41%]
tests/invariants/test_inv_02_couche_a_primacy.py::test_inv_02_no_couche_b_in_scoring PASSED [ 41%]
tests/invariants/test_inv_02_couche_a_primacy.py::test_inv_02_couche_b_read_only PASSED [ 41%]
tests/invariants/test_inv_03_memory_non_prescriptive.py::test_inv_03_no_recommendations PASSED [ 41%]
tests/invariants/test_inv_03_memory_non_prescriptive.py::test_inv_03_memory_read_only PASSED [ 41%]
tests/invariants/test_inv_03_memory_non_prescriptive.py::test_inv_03_no_scoring_in_couche_b PASSED [ 42%]
tests/invariants/test_inv_04_online_only.py::test_inv_04_no_sqlite PASSED [ 42%]
tests/invariants/test_inv_04_online_only.py::test_inv_04_database_url_required PASSED [ 42%]
tests/invariants/test_inv_04_online_only.py::test_inv_04_postgresql_only PASSED [ 42%]
tests/invariants/test_inv_05_ci_green.py::test_inv_05_no_force_success PASSED [ 42%]
tests/invariants/test_inv_05_ci_green.py::test_inv_05_ci_fails_on_error PASSED [ 42%]
tests/invariants/test_inv_05_ci_green.py::test_inv_05_required_checks PASSED [ 43%]
tests/invariants/test_inv_06_append_only.py::test_inv_06_audit_tables_append_only PASSED [ 43%]
tests/invariants/test_inv_06_append_only.py::test_inv_06_no_delete_in_audit_code PASSED [ 43%]
tests/invariants/test_inv_06_append_only.py::test_inv_06_traceability_present PASSED [ 43%]
tests/invariants/test_inv_07_erp_agnostic.py::test_inv_07_no_erp_imports PASSED [ 43%]
tests/invariants/test_inv_07_erp_agnostic.py::test_inv_07_stack_clear PASSED [ 44%]
tests/invariants/test_inv_07_erp_agnostic.py::test_inv_07_no_external_api_dependencies PASSED [ 44%]
tests/invariants/test_inv_08_survivability.py::test_inv_08_code_readable PASSED [ 44%]
tests/invariants/test_inv_08_survivability.py::test_inv_08_documentation_present PASSED [ 44%]
tests/invariants/test_inv_08_survivability.py::test_inv_08_migrations_versioned PASSED [ 44%]
tests/invariants/test_inv_08_survivability.py::test_inv_08_no_hardcoded_secrets PASSED [ 45%]
tests/invariants/test_inv_09_fidelity_neutrality.py::test_inv_09_no_biases_in_scoring PASSED [ 45%]
tests/invariants/test_inv_09_fidelity_neutrality.py::test_inv_09_transparent_calculations PASSED [ 45%]
tests/invariants/test_inv_09_fidelity_neutrality.py::test_inv_09_no_hidden_assumptions PASSED [ 45%]
tests/invariants/test_inv_09_fidelity_neutrality.py::test_inv_09_neutral_language PASSED [ 45%]
tests/invariants/test_no_couche_b_import_in_couche_a.py::test_scoring_module_has_no_couche_b_dependency SKIPPEDe_a_b_boundary.py pour
les cas d'imports indirects.)                                            [ 46%]
tests/mapping/test_column_calculator.py::TestColLetterFromIndex::test_single_letter_columns PASSED [ 46%]
tests/mapping/test_column_calculator.py::TestColLetterFromIndex::test_double_letter_columns PASSED [ 46%]
tests/mapping/test_column_calculator.py::TestColLetterFromIndex::test_triple_letter_columns PASSED [ 46%]
tests/mapping/test_column_calculator.py::TestSupplierColIndex::test_first_slot_returns_start_col PASSED [ 46%]
tests/mapping/test_column_calculator.py::TestSupplierColIndex::test_sequential_slots_width_one PASSED [ 46%]
tests/mapping/test_column_calculator.py::TestSupplierColIndex::test_sequential_slots_width_two PASSED [ 47%]
tests/mapping/test_column_calculator.py::TestSupplierColIndex::test_default_width_is_one PASSED [ 47%]
tests/mapping/test_column_calculator.py::TestSupplierColIndex::test_invalid_slot_raises_error PASSED [ 47%]
tests/mapping/test_column_calculator.py::TestSupplierColLetter::test_returns_letter_for_index PASSED [ 47%]
tests/mapping/test_column_calculator.py::TestSupplierColLetter::test_with_width_two PASSED [ 47%]
tests/mapping/test_column_calculator.py::TestSupplierColLetter::test_beyond_single_letter PASSED [ 48%]
tests/mapping/test_column_calculator.py::TestCommercialCols::test_returns_price_and_total_columns PASSED [ 48%]
tests/mapping/test_column_calculator.py::TestCommercialCols::test_second_slot PASSED [ 48%]
tests/mapping/test_column_calculator.py::TestCommercialCols::test_multiple_slots PASSED [ 48%]
tests/mapping/test_column_calculator.py::TestSheetColRule::test_dataclass_creation PASSED [ 48%]
tests/mapping/test_column_calculator.py::TestSheetColRule::test_dataclass_is_frozen PASSED [ 49%]
tests/mapping/test_column_calculator.py::TestSheetColRule::test_dataclass_equality PASSED [ 49%]
tests/mapping/test_column_calculator.py::TestSheetColRule::test_dataclass_hashable PASSED [ 49%]
tests/mapping/test_engine_smoke.py::test_engine_loads_spec PASSED        [ 49%]
tests/mapping/test_engine_smoke.py::test_engine_instantiates_without_template PASSED [ 49%]
tests/mapping/test_styling.py::TestConfidenceColors::test_high_confidence_no_color PASSED [ 50%]
tests/mapping/test_styling.py::TestConfidenceColors::test_medium_confidence_has_color PASSED [ 50%]
tests/mapping/test_styling.py::TestConfidenceColors::test_low_confidence_has_color PASSED [ 50%]
tests/mapping/test_styling.py::TestConfidenceColors::test_human_only_has_color PASSED [ 50%]
tests/mapping/test_styling.py::TestConfidenceColors::test_error_has_color PASSED [ 50%]
tests/mapping/test_styling.py::TestApplyConfidenceStyling::test_high_confidence_no_fill_applied PASSED [ 50%]
tests/mapping/test_styling.py::TestApplyConfidenceStyling::test_medium_confidence_applies_fill PASSED [ 51%]
tests/mapping/test_styling.py::TestApplyConfidenceStyling::test_low_confidence_applies_fill PASSED [ 51%]
tests/mapping/test_styling.py::TestApplyConfidenceStyling::test_human_only_applies_fill PASSED [ 51%]
tests/mapping/test_styling.py::TestApplyConfidenceStyling::test_error_applies_fill PASSED [ 51%]
tests/mapping/test_styling.py::TestApplyConfidenceStyling::test_unknown_level_no_fill_applied PASSED [ 51%]
tests/mapping/test_styling.py::TestApplyConfidenceStyling::test_empty_string_level_no_fill_applied PASSED [ 52%]
tests/mapping/test_styling.py::TestApplyConfidenceStyling::test_fill_type_is_solid PASSED [ 52%]
tests/mapping/test_styling.py::TestApplyConfidenceStyling::test_start_and_end_color_match PASSED [ 52%]
tests/market_signal/test_market_signal_rules.py::test_ms1_survey_terrain_has_priority SKIPPED [ 52%]
tests/market_signal/test_market_signal_rules.py::test_ms2_history_used_when_no_fresh_survey SKIPPED [ 52%]
tests/market_signal/test_market_signal_rules.py::test_ms3_mercuriale_always_available SKIPPED [ 53%]
tests/market_signal/test_market_signal_rules.py::test_ms_degrade_missing_1_source_returns_partial SKIPPED [ 53%]
tests/market_signal/test_market_signal_rules.py::test_ms_degrade_missing_2_sources_returns_degraded SKIPPED [ 53%]
tests/market_signal/test_market_signal_rules.py::test_ms_zero_signal_never_writes_to_couche_a SKIPPED [ 53%]
tests/market_signal/test_survey_validity.py::test_sr1_minimum_3_cotations_per_item SKIPPED [ 53%]
tests/market_signal/test_survey_validity.py::test_sr2_zone_geographique_obligatoire SKIPPED [ 53%]
tests/market_signal/test_survey_validity.py::test_sr3_survey_expired_after_90_days SKIPPED [ 54%]
tests/market_signal/test_survey_validity.py::test_sr5_validation_requires_authorized_role SKIPPED [ 54%]
tests/mercuriale/test_mercuriale_parser.py::test_t1_parse_simple_line_ok PASSED [ 54%]
tests/mercuriale/test_mercuriale_parser.py::test_t2_amounts_with_space_separators PASSED [ 54%]
tests/mercuriale/test_mercuriale_parser.py::test_t3_amounts_with_comma_decimal PASSED [ 54%]
tests/mercuriale/test_mercuriale_parser.py::test_t4_multiline_designation_batch PASSED [ 55%]
tests/mercuriale/test_mercuriale_parser.py::test_t5_unknown_alias_unresolved PASSED [ 55%]
tests/mercuriale/test_mercuriale_parser.py::test_t6_raw_line_preserved PASSED [ 55%]
tests/mercuriale/test_mercuriale_parser.py::test_t7_batch_preserves_order PASSED [ 55%]
tests/mercuriale/test_mercuriale_parser.py::test_t8_normalize_batch_called_once PASSED [ 55%]
tests/mercuriale/test_mercuriale_parser.py::test_t9_decorative_line_unparseable PASSED [ 56%]
tests/mercuriale/test_mercuriale_parser.py::test_t10_prices_without_unit_partial PASSED [ 56%]
tests/mercuriale/test_mercuriale_parser.py::test_t11_persist_inserts_to_db PASSED [ 56%]
tests/mercuriale/test_mercuriale_parser.py::test_t13_empty_line_preserved_in_batch PASSED [ 56%]
tests/mercuriale/test_mercuriale_parser.py::test_t12_persist_unparseable_errors_in_db PASSED [ 56%]
tests/normalisation/test_aliases_mandatory_sahel.py::test_critical_aliases_sahel_present_in_db PASSED [ 57%]
tests/normalisation/test_dict_minimum_coverage.py::test_dict_minimum_coverage_all_families PASSED [ 57%]
tests/normalisation/test_no_raw_offer_in_scoring.py::test_scoring_engine_rejects_raw_offers SKIPPEDe l\xe8ve une erreur si des offres non\nnormalis\xe9es lui sont pass\xe9es. \U0001f534 BLOQUE CI quand actif.)                 [ 57%]
tests/normalisation/test_no_raw_offer_in_scoring.py::test_offers_must_pass_through_normalisation SKIPPED [ 57%]
tests/normalisation/test_normalisation_engine.py::test_critical_aliases_precision_1_0 PASSED [ 57%]
tests/normalisation/test_normalisation_engine.py::test_unresolved_returns_structured_result PASSED [ 57%]
tests/phase0/test_extraction_engine_api.py::TestTriggerExtractionSLAA::test_sla_a_returns_202_done PASSED [ 58%]
tests/phase0/test_extraction_engine_api.py::TestTriggerExtractionSLAA::test_sla_a_duration_sous_60s PASSED [ 58%]
tests/phase0/test_extraction_engine_api.py::TestTriggerExtractionSLAA::test_sla_a_timeout_returns_504 PASSED [ 58%]
tests/phase0/test_extraction_engine_api.py::TestTriggerExtractionSLAB::test_sla_b_returns_202_pending PASSED [ 58%]
tests/phase0/test_extraction_engine_api.py::TestTriggerExtractionSLAB::test_sla_b_retourne_job_id PASSED [ 58%]
tests/phase0/test_extraction_engine_api.py::TestErreurs::test_document_inconnu_returns_404 PASSED [ 59%]
tests/phase0/test_extraction_engine_api.py::TestErreurs::test_document_deja_extrait_returns_409 PASSED [ 59%]
tests/phase0/test_extraction_engine_api.py::TestErreurs::test_exception_interne_returns_500 PASSED [ 59%]
tests/phase0/test_extraction_engine_api.py::TestJobStatus::test_job_status_valid_returns_200 PASSED [ 59%]
tests/phase0/test_extraction_engine_api.py::TestJobStatus::test_job_inconnu_returns_404 PASSED [ 59%]
tests/phase0/test_extraction_engine_api.py::TestGetExtractionResult::test_extraction_existante_returns_200 PASSED [ 60%]
tests/phase0/test_extraction_engine_api.py::TestGetExtractionResult::test_extraction_absente_returns_404 PASSED [ 60%]
tests/phase0/test_extraction_engine_api.py::TestGetExtractionResult::test_confidence_faible_warning_present PASSED [ 60%]
tests/phase0/test_extraction_service.py::TestDetectMethod::test_pdf_natif_avec_bt PASSED [ 60%]
tests/phase0/test_extraction_service.py::TestDetectMethod::test_pdf_sans_bt_fallback_tesseract PASSED [ 60%]
tests/phase0/test_extraction_service.py::TestDetectMethod::test_xlsx_magic_bytes PASSED [ 61%]
tests/phase0/test_extraction_service.py::TestDetectMethod::test_docx_magic_bytes PASSED [ 61%]
tests/phase0/test_extraction_service.py::TestDetectMethod::test_unknown_fallback_tesseract PASSED [ 61%]
tests/phase0/test_extraction_service.py::TestSLAValidation::test_extract_sync_rejette_methode_sla_b PASSED [ 61%]
tests/phase0/test_extraction_service.py::TestSLAValidation::test_extract_async_rejette_methode_sla_a PASSED [ 61%]
tests/phase0/test_extraction_service.py::TestSLAValidation::test_sla_a_methods_contient_trois_methodes PASSED [ 61%]
tests/phase0/test_extraction_service.py::TestSLAValidation::test_sla_b_methods_contient_deux_methodes PASSED [ 62%]
tests/phase0/test_extraction_service.py::TestComputeConfidence::test_texte_vide_confidence_03 PASSED [ 62%]
tests/phase0/test_extraction_service.py::TestComputeConfidence::test_texte_trop_court_confidence_03 PASSED [ 62%]
tests/phase0/test_extraction_service.py::TestComputeConfidence::test_texte_court_confidence_06 PASSED [ 62%]
tests/phase0/test_extraction_service.py::TestComputeConfidence::test_texte_long_confidence_085 PASSED [ 62%]
tests/phase0/test_extraction_service.py::TestComputeConfidence::test_texte_whitespace_seul_confidence_03 PASSED [ 63%]
tests/phase0/test_extraction_service.py::TestDoctrineEchec::test_confidence_faible_flags_requires_human PASSED [ 63%]
tests/phase0/test_extraction_service.py::TestDoctrineEchec::test_exception_store_error_appele PASSED [ 63%]
tests/pipeline/test_pipeline_a_e2e_mode.py::test_fk_rejects_ghost_case_id PASSED [ 63%]
tests/pipeline/test_pipeline_a_e2e_mode.py::test_e2e_incomplete_propagates_globally PASSED [ 63%]
tests/pipeline/test_pipeline_a_e2e_mode.py::test_e2e_partial_complete_when_all_ok PASSED [ 64%]
tests/pipeline/test_pipeline_a_e2e_mode.py::test_e2e_force_recompute_persisted PASSED [ 64%]
tests/pipeline/test_pipeline_a_e2e_mode.py::test_e2e_complete_status_forbidden PASSED [ 64%]
tests/pipeline/test_pipeline_a_no_couche_b_import.py::test_no_couche_b_import_in_pipeline PASSED [ 64%]
tests/pipeline/test_pipeline_a_partial_case_analysis_snapshot.py::test_cas_version_is_v1 PASSED [ 64%]
tests/pipeline/test_pipeline_a_partial_case_analysis_snapshot.py::test_cas_export_ready_is_always_false PASSED [ 65%]
tests/pipeline/test_pipeline_a_partial_case_analysis_snapshot.py::test_cas_readiness_export_ready_true_rejected PASSED [ 65%]
tests/pipeline/test_pipeline_a_partial_case_analysis_snapshot.py::test_cas_rejects_forbidden_field[winner] PASSED [ 65%]
tests/pipeline/test_pipeline_a_partial_case_analysis_snapshot.py::test_cas_rejects_forbidden_field[rank] PASSED [ 65%]
tests/pipeline/test_pipeline_a_partial_case_analysis_snapshot.py::test_cas_rejects_forbidden_field[recommendation] PASSED [ 65%]
tests/pipeline/test_pipeline_a_partial_case_analysis_snapshot.py::test_cas_rejects_forbidden_field[best_offer] PASSED [ 65%]
tests/pipeline/test_pipeline_a_partial_case_analysis_snapshot.py::test_cas_to_jsonb_returns_valid_json PASSED [ 66%]
tests/pipeline/test_pipeline_a_partial_case_analysis_snapshot.py::test_cas_version_other_than_v1_rejected PASSED [ 66%]
tests/pipeline/test_pipeline_a_partial_preflight.py::test_preflight_case_not_found_returns_blocked PASSED [ 66%]
tests/pipeline/test_pipeline_a_partial_preflight.py::test_preflight_dao_missing_returns_blocked PASSED [ 66%]
tests/pipeline/test_pipeline_a_partial_preflight.py::test_preflight_offers_missing_returns_blocked PASSED [ 66%]
tests/pipeline/test_pipeline_a_partial_preflight.py::test_preflight_min_offers_insufficient_returns_blocked PASSED [ 67%]
tests/pipeline/test_pipeline_a_partial_preflight.py::test_preflight_valid_case_returns_ok PASSED [ 67%]
tests/pipeline/test_pipeline_a_partial_preflight.py::test_preflight_meta_contains_exact_dao_present_and_offers_count PASSED [ 67%]
tests/pipeline/test_pipeline_a_partial_regression.py::test_guard_ops_01_partial_hash_unchanged PASSED [ 67%]
tests/pipeline/test_pipeline_a_partial_regression.py::test_partial_signature_unchanged PASSED [ 67%]
tests/pipeline/test_pipeline_a_partial_regression.py::test_partial_returns_pipeline_result_mode_partial PASSED [ 68%]
tests/pipeline/test_pipeline_a_partial_regression.py::test_partial_complete_status_never_returned PASSED [ 68%]
tests/pipeline/test_pipeline_a_partial_statuses.py::test_pipeline_status_blocked_when_preflight_blocked PASSED [ 68%]
tests/pipeline/test_pipeline_a_partial_statuses.py::test_pipeline_result_is_typed_even_when_blocked PASSED [ 68%]
tests/pipeline/test_pipeline_a_partial_statuses.py::test_pipeline_blocked_contains_only_preflight_step PASSED [ 68%]
tests/pipeline/test_pipeline_a_partial_statuses.py::test_safe_step_captures_exception_as_failed PASSED [ 69%]
tests/pipeline/test_pipeline_a_partial_statuses.py::test_pipeline_duration_ms_non_negative PASSED [ 69%]
tests/pipeline/test_pipeline_a_partial_statuses.py::test_pipeline_status_never_complete PASSED [ 69%]
tests/pipeline/test_pipeline_a_partial_statuses.py::test_pipeline_step_exception_produces_failed_step PASSED [ 69%]
tests/pipeline/test_pipeline_force_recompute.py::test_force_recompute_true_always_calculates PASSED [ 69%]
tests/pipeline/test_pipeline_force_recompute.py::test_force_recompute_false_tries_cache_first PASSED [ 69%]
tests/pipeline/test_pipeline_force_recompute.py::test_force_recompute_false_fallback_on_missing_method PASSED [ 70%]
tests/pipeline/test_pipeline_force_recompute.py::test_lookup_warning_initialized_no_name_error PASSED [ 70%]
tests/pipeline/test_pipeline_force_recompute.py::test_force_recompute_traced_in_meta PASSED [ 70%]
tests/pipeline/test_pipeline_force_recompute.py::test_no_extractions_returns_incomplete_regardless_force_recompute PASSED [ 70%]
tests/pipeline/test_sla_classe_a_60s.py::test_pipeline_a_sla_classe_a_under_60s SKIPPEDurnisseurs, 10+ lots. SLA-A : PDF natifs / XLSX / DOCX \u2192\n< 60 secondes. \U0001f534 BLOQUE CI si d\xe9passement.)                             [ 70%]
tests/pipeline/test_sla_classe_b_has_queue.py::test_ocr_scan_is_queued_not_synchronous SKIPPEDue asynchrone et ne bloque pas l'app. \U0001f534 BLOQUE\nCI si non respect\xe9.)                                                     [ 71%]
tests/pipeline/test_sla_classe_b_has_queue.py::test_ocr_does_not_block_native_pdf_processing SKIPPED [ 71%]
tests/price_check/test_price_check_engine.py::TestAnalyzeSingle::test_t1_within_ref PASSED [ 71%]
tests/price_check/test_price_check_engine.py::TestAnalyzeSingle::test_t2_above_ref_moderement PASSED [ 71%]
tests/price_check/test_price_check_engine.py::TestAnalyzeSingle::test_t3_above_ref_fortement PASSED [ 71%]
tests/price_check/test_price_check_engine.py::TestAnalyzeSingle::test_t4_no_ref_unresolved PASSED [ 72%]
tests/price_check/test_price_check_engine.py::TestAnalyzeSingle::test_t5_no_ref_absent_mercuriale PASSED [ 72%]
tests/price_check/test_price_check_engine.py::TestAnalyzeBatch::test_t6_batch_ordre_preserve PASSED [ 72%]
tests/price_check/test_price_check_engine.py::TestAnalyzeBatch::test_t7_batch_normalize_batch_une_fois PASSED [ 72%]
tests/price_check/test_price_check_engine.py::TestAnalyzeBatch::test_t9_prix_total_soumis PASSED [ 72%]
tests/price_check/test_price_check_engine.py::TestFallback::test_t8_fallback_trace_si_scoring_configs_vide PASSED [ 73%]
tests/scoring/test_current_supplier_scores_view.py::test_l2a_view_returns_latest_score PASSED [ 73%]
tests/scoring/test_current_supplier_scores_view.py::test_l2b_two_suppliers_two_rows PASSED [ 73%]
tests/scoring/test_current_supplier_scores_view.py::test_l2c_two_categories_two_rows PASSED [ 73%]
tests/scoring/test_current_supplier_scores_view.py::test_l2d_same_timestamp_determinism_probe PASSED [ 73%]
tests/scoring/test_elimination_logic_critical.py::test_l3a_non_eliminatory_criterion_never_eliminates PASSED [ 73%]
tests/scoring/test_elimination_logic_critical.py::test_l3b_missing_doc_triggers_elimination PASSED [ 74%]
tests/scoring/test_elimination_logic_critical.py::test_l3c_compliant_supplier_not_eliminated PASSED [ 74%]
tests/scoring/test_elimination_logic_critical.py::test_l3d_mixed_suppliers_correct_attribution PASSED [ 74%]
tests/scoring/test_elimination_logic_critical.py::test_l3e_no_eliminatory_criteria_no_eliminations PASSED [ 74%]
tests/scoring/test_elimination_logic_critical.py::test_l3f_empty_inputs_return_empty PASSED [ 74%]
tests/scoring/test_elimination_logic_critical.py::test_l3g_essentials_partial_eliminated_complete_passes PASSED [ 75%]
tests/scoring/test_elimination_logic_critical.py::test_l3h_antiregression_v02_meets_criterion_not_stub PASSED [ 75%]
tests/scoring/test_fallback_weights_traced.py::test_l4a_fallback_weights_traced_quand_profil_absent PASSED [ 75%]
tests/scoring/test_fallback_weights_traced.py::test_l4b_fallback_false_quand_profil_present PASSED [ 75%]
tests/scoring/test_fallback_weights_traced.py::test_l4c_load_weights_none_profile_is_fallback PASSED [ 75%]
tests/scoring/test_fallback_weights_traced.py::test_l4d_fallback_weights_sum_to_one PASSED [ 76%]
tests/scoring/test_fallback_weights_traced.py::test_l4e_default_weights_has_all_categories PASSED [ 76%]
tests/scoring/test_market_signal_no_impact_on_scores.py::test_market_signal_has_zero_impact_on_supplier_scores SKIPPED [ 76%]
tests/scoring/test_meets_criterion_not_stub.py::test_no_stub_comment_in_meets_criterion PASSED [ 76%]
tests/scoring/test_meets_criterion_not_stub.py::test_return_true_only_in_non_eliminatory_branch PASSED [ 76%]
tests/scoring/test_meets_criterion_not_stub.py::test_commercial_criterion_without_financial_doc_eliminates PASSED [ 76%]
tests/scoring/test_meets_criterion_not_stub.py::test_commercial_criterion_with_financial_doc_passes PASSED [ 77%]
tests/scoring/test_meets_criterion_not_stub.py::test_capacity_criterion_without_technical_doc_eliminates PASSED [ 77%]
tests/scoring/test_meets_criterion_not_stub.py::test_essentials_criterion_incomplete_package_eliminates PASSED [ 77%]
tests/scoring/test_meets_criterion_not_stub.py::test_essentials_criterion_complete_package_passes PASSED [ 77%]
tests/scoring/test_meets_criterion_not_stub.py::test_unknown_category_with_missing_fields_eliminates PASSED [ 77%]
tests/scoring/test_no_upsert_in_scoring_engine.py::test_no_on_conflict_in_engine PASSED [ 78%]
tests/scoring/test_no_upsert_in_scoring_engine.py::test_no_do_update_in_engine PASSED [ 78%]
tests/scoring/test_no_upsert_in_scoring_engine.py::test_no_upsert_pattern_in_engine PASSED [ 78%]
tests/scoring/test_no_upsert_in_scoring_engine.py::test_writes_to_score_runs PASSED [ 78%]
tests/scoring/test_score_currency_from_case.py::test_l3a_currency_usd_dans_calculation_details PASSED [ 78%]
tests/scoring/test_score_currency_from_case.py::test_l3b_currency_xof_explicit PASSED [ 79%]
tests/scoring/test_score_currency_from_case.py::test_l3c_currency_fallback_sans_case PASSED [ 79%]
tests/scoring/test_score_currency_from_case.py::test_l3d_no_xof_hardcoded_in_engine PASSED [ 79%]
tests/scoring/test_score_runs_append_only_db.py::test_l1a_update_forbidden PASSED [ 79%]
tests/scoring/test_score_runs_append_only_db.py::test_l1b_delete_forbidden PASSED [ 79%]
tests/scoring/test_score_runs_append_only_db.py::test_l1c_double_insert_allowed PASSED [ 80%]
tests/scoring/test_scores_independent_of_couche_b.py::test_score_identical_with_and_without_market_signal SKIPPEDt identique qu'un Market Signal\nsoit disponible ou non. \U0001f534 BLOQUE CI quand actif.)                       [ 80%]
tests/scoring/test_scores_independent_of_couche_b.py::test_scoring_engine_output_has_no_recommendation SKIPPED [ 80%]
tests/scoring/test_scoring_meta_contract.py::test_l4a_scoring_version_constant_strict PASSED [ 80%]
tests/scoring/test_scoring_meta_contract.py::test_l4b_scoring_version_importable PASSED [ 80%]
tests/scoring/test_scoring_meta_contract.py::test_l4c_default_weights_coherent PASSED [ 80%]
